<?xml version="1.0" encoding="UTF-8"?>
<!-- Generated by org.testng.reporters.JUnitReportReporter -->
<testsuite hostname="LAPTOP-1B5NNSUG" failures="0" tests="3" name="test.TestngAnnotationsequence" time="0.032" errors="0" timestamp="2023-03-25T20:44:16 IST" skipped="0">
  <testcase classname="test.TestngAnnotationsequence" name="f" time="0.012"/>
  <system-out/>
  <testcase classname="test.TestngAnnotationsequence" name="f" time="0.004"/>
  <system-out/>
  <testcase classname="test.TestngAnnotationsequence" name="f" time="0.016"/>
  <system-out/>
</testsuite> <!-- test.TestngAnnotationsequence -->
